<?xml version="1.0" encoding="UTF-8"?>
<testng-results ignored="0" total="2" passed="2" failed="0" skipped="0">
  <reporter-output>
  </reporter-output>
  <suite started-at="2025-07-13T23:55:39 EDT" name="Default suite" finished-at="2025-07-13T23:55:58 EDT" duration-ms="18822">
    <groups>
    </groups>
    <test started-at="2025-07-13T23:55:39 EDT" name="Default test" finished-at="2025-07-13T23:55:58 EDT" duration-ms="18822">
      <class name="tests.ecommerce.LoginTest">
        <test-method is-config="true" signature="setup()[pri:0, instance:tests.ecommerce.LoginTest@2250b9f2]" started-at="2025-07-13T23:55:39 EDT" name="setup" finished-at="2025-07-13T23:55:46 EDT" duration-ms="6135" status="PASS">
          <reporter-output>
          </reporter-output>
        </test-method> <!-- setup -->
        <test-method signature="testInvalidLogin()[pri:0, instance:tests.ecommerce.LoginTest@2250b9f2]" started-at="2025-07-13T23:55:46 EDT" name="testInvalidLogin" finished-at="2025-07-13T23:55:49 EDT" duration-ms="3754" status="PASS">
          <reporter-output>
          </reporter-output>
        </test-method> <!-- testInvalidLogin -->
        <test-method is-config="true" signature="tearDown()[pri:0, instance:tests.ecommerce.LoginTest@2250b9f2]" started-at="2025-07-13T23:55:49 EDT" name="tearDown" finished-at="2025-07-13T23:55:50 EDT" duration-ms="121" status="PASS">
          <reporter-output>
          </reporter-output>
        </test-method> <!-- tearDown -->
        <test-method is-config="true" signature="setup()[pri:0, instance:tests.ecommerce.LoginTest@2250b9f2]" started-at="2025-07-13T23:55:50 EDT" name="setup" finished-at="2025-07-13T23:55:54 EDT" duration-ms="4738" status="PASS">
          <reporter-output>
          </reporter-output>
        </test-method> <!-- setup -->
        <test-method signature="testValidLogin()[pri:0, instance:tests.ecommerce.LoginTest@2250b9f2]" started-at="2025-07-13T23:55:54 EDT" name="testValidLogin" finished-at="2025-07-13T23:55:58 EDT" duration-ms="3921" status="PASS">
          <reporter-output>
          </reporter-output>
        </test-method> <!-- testValidLogin -->
        <test-method is-config="true" signature="tearDown()[pri:0, instance:tests.ecommerce.LoginTest@2250b9f2]" started-at="2025-07-13T23:55:58 EDT" name="tearDown" finished-at="2025-07-13T23:55:58 EDT" duration-ms="112" status="PASS">
          <reporter-output>
          </reporter-output>
        </test-method> <!-- tearDown -->
      </class> <!-- tests.ecommerce.LoginTest -->
    </test> <!-- Default test -->
  </suite> <!-- Default suite -->
</testng-results>
